{"/home/tyler/hackreactor/hrr36-fec-tyler-widget/client/src/components/ReviewList.jsx": {"path":"/home/tyler/hackreactor/hrr36-fec-tyler-widget/client/src/components/ReviewList.jsx","statementMap":{"0":{"start":{"line":5,"column":19},"end":{"line":23,"column":1}},"1":{"start":{"line":6,"column":24},"end":{"line":6,"column":104}},"2":{"start":{"line":6,"column":52},"end":{"line":6,"column":103}},"3":{"start":{"line":8,"column":2},"end":{"line":22,"column":4}},"4":{"start":{"line":27,"column":0},"end":{"line":29,"column":2}}},"fnMap":{"0":{"name":"(anonymous_0)","decl":{"start":{"line":5,"column":19},"end":{"line":5,"column":20}},"loc":{"start":{"line":5,"column":30},"end":{"line":23,"column":1}},"line":5},"1":{"name":"(anonymous_1)","decl":{"start":{"line":6,"column":42},"end":{"line":6,"column":43}},"loc":{"start":{"line":6,"column":52},"end":{"line":6,"column":103}},"line":6}},"branchMap":{},"s":{"0":1,"1":2,"2":8,"3":2,"4":1},"f":{"0":2,"1":8},"b":{},"_coverageSchema":"43e27e138ebf9cfc5966b082cf9a028302ed4184","hash":"1c1eaeb4ab1d79c957be61a1dc9d160b15b13b19"}
,"/home/tyler/hackreactor/hrr36-fec-tyler-widget/client/src/components/ReviewListItem.jsx": {"path":"/home/tyler/hackreactor/hrr36-fec-tyler-widget/client/src/components/ReviewListItem.jsx","statementMap":{"0":{"start":{"line":4,"column":23},"end":{"line":36,"column":1}},"1":{"start":{"line":5,"column":16},"end":{"line":5,"column":67}},"2":{"start":{"line":6,"column":13},"end":{"line":6,"column":84}},"3":{"start":{"line":8,"column":17},"end":{"line":8,"column":102}},"4":{"start":{"line":10,"column":2},"end":{"line":35,"column":4}},"5":{"start":{"line":40,"column":0},"end":{"line":42,"column":2}}},"fnMap":{"0":{"name":"(anonymous_0)","decl":{"start":{"line":4,"column":23},"end":{"line":4,"column":24}},"loc":{"start":{"line":4,"column":34},"end":{"line":36,"column":1}},"line":4}},"branchMap":{"0":{"loc":{"start":{"line":8,"column":17},"end":{"line":8,"column":102}},"type":"cond-expr","locations":[{"start":{"line":8,"column":43},"end":{"line":8,"column":53}},{"start":{"line":8,"column":56},"end":{"line":8,"column":102}}],"line":8},"1":{"loc":{"start":{"line":8,"column":56},"end":{"line":8,"column":102}},"type":"cond-expr","locations":[{"start":{"line":8,"column":82},"end":{"line":8,"column":89}},{"start":{"line":8,"column":92},"end":{"line":8,"column":102}}],"line":8}},"s":{"0":2,"1":6,"2":6,"3":6,"4":6,"5":2},"f":{"0":6},"b":{"0":[4,2],"1":[1,1]},"_coverageSchema":"43e27e138ebf9cfc5966b082cf9a028302ed4184","hash":"d84f069b9411a2bd743820fcf00c8dbd5ab942a2"}
,"/home/tyler/hackreactor/hrr36-fec-tyler-widget/examples/reviews.js": {"path":"/home/tyler/hackreactor/hrr36-fec-tyler-widget/examples/reviews.js","statementMap":{"0":{"start":{"line":1,"column":16},"end":{"line":50,"column":1}}},"fnMap":{},"branchMap":{},"s":{"0":2},"f":{},"b":{},"_coverageSchema":"43e27e138ebf9cfc5966b082cf9a028302ed4184","hash":"14247afe9b6ef8448fbb6a58797a5e960ef089de"}
}
