TN:
SF:/home/tyler/hackreactor/hrr36-fec-tyler-widget/client/src/App.jsx
FN:9,(anonymous_0)
FN:18,(anonymous_1)
FN:20,(anonymous_2)
FN:25,(anonymous_3)
FN:26,(anonymous_4)
FN:30,(anonymous_5)
FN:34,(anonymous_6)
FN:38,(anonymous_7)
FNF:8
FNH:6
FNDA:1,(anonymous_0)
FNDA:1,(anonymous_1)
FNDA:1,(anonymous_2)
FNDA:1,(anonymous_3)
FNDA:11,(anonymous_4)
FNDA:0,(anonymous_5)
FNDA:0,(anonymous_6)
FNDA:3,(anonymous_7)
DA:10,1
DA:11,1
DA:15,1
DA:19,1
DA:21,1
DA:22,1
DA:23,1
DA:26,11
DA:27,1
DA:28,1
DA:30,0
DA:35,0
DA:39,3
DA:40,3
DA:42,3
DA:43,2
DA:45,1
LF:17
LH:15
BRDA:34,0,0,0
BRDA:42,1,0,2
BRDA:42,1,1,1
BRDA:42,2,0,3
BRDA:42,2,1,1
BRF:5
BRH:4
end_of_record
TN:
SF:/home/tyler/hackreactor/hrr36-fec-tyler-widget/client/src/components/ChartWrapper.jsx
FN:4,(anonymous_0)
FNF:1
FNH:1
FNDA:1,(anonymous_0)
DA:4,3
DA:5,1
DA:9,1
DA:28,3
LF:4
LH:4
BRF:0
BRH:0
end_of_record
TN:
SF:/home/tyler/hackreactor/hrr36-fec-tyler-widget/client/src/components/Metascore.jsx
FN:7,(anonymous_0)
FN:10,(anonymous_1)
FN:31,(anonymous_2)
FNF:3
FNH:3
FNDA:1,(anonymous_0)
FNDA:4,(anonymous_1)
FNDA:3,(anonymous_2)
DA:7,2
DA:9,1
DA:10,1
DA:11,4
DA:12,1
DA:13,3
DA:14,1
DA:16,2
DA:21,1
DA:24,1
DA:25,1
DA:26,1
DA:27,3
DA:31,3
DA:35,1
DA:36,0
DA:37,1
DA:38,1
DA:40,0
DA:43,1
DA:69,2
LF:21
LH:19
BRDA:11,0,0,1
BRDA:11,0,1,3
BRDA:13,1,0,1
BRDA:13,1,1,2
BRDA:35,2,0,0
BRDA:35,2,1,1
BRDA:37,3,0,1
BRDA:37,3,1,0
BRF:8
BRH:6
end_of_record
TN:
SF:/home/tyler/hackreactor/hrr36-fec-tyler-widget/client/src/components/ReviewList.jsx
FN:7,(anonymous_0)
FN:12,(anonymous_1)
FN:20,(anonymous_2)
FNF:3
FNH:3
FNDA:2,(anonymous_0)
FNDA:5,(anonymous_1)
FNDA:7,(anonymous_2)
DA:7,2
DA:11,2
DA:12,5
DA:15,1
DA:16,1
DA:19,1
DA:20,7
DA:22,2
DA:41,2
LF:9
LH:9
BRDA:11,0,0,1
BRDA:11,0,1,1
BRF:2
BRH:2
end_of_record
TN:
SF:/home/tyler/hackreactor/hrr36-fec-tyler-widget/client/src/components/ReviewListItem.jsx
FN:4,(anonymous_0)
FN:20,(anonymous_1)
FN:53,(anonymous_2)
FNF:3
FNH:2
FNDA:3,(anonymous_0)
FNDA:9,(anonymous_1)
FNDA:0,(anonymous_2)
DA:4,3
DA:6,3
DA:7,3
DA:11,3
DA:12,1
DA:13,2
DA:14,1
DA:16,1
DA:20,3
DA:21,9
DA:28,3
DA:29,3
DA:31,3
DA:53,0
DA:61,3
LF:15
LH:14
BRDA:11,0,0,1
BRDA:11,0,1,2
BRDA:13,1,0,1
BRDA:13,1,1,1
BRDA:29,2,0,0
BRDA:29,2,1,3
BRDA:53,3,0,0
BRDA:53,3,1,3
BRF:8
BRH:6
end_of_record
TN:
SF:/home/tyler/hackreactor/hrr36-fec-tyler-widget/database/Review.js
FN:34,(anonymous_0)
FN:39,(anonymous_1)
FN:44,(anonymous_2)
FNF:3
FNH:3
FNDA:3,(anonymous_0)
FNDA:7,(anonymous_1)
FNDA:5,(anonymous_2)
DA:1,2
DA:2,2
DA:4,2
DA:6,2
DA:32,2
DA:34,2
DA:35,3
DA:36,3
DA:39,2
DA:40,7
DA:41,7
DA:44,5
DA:46,2
LF:13
LH:13
BRF:0
BRH:0
end_of_record
TN:
SF:/home/tyler/hackreactor/hrr36-fec-tyler-widget/database/index.js
FN:5,(anonymous_0)
FN:6,(anonymous_1)
FNF:2
FNH:1
FNDA:2,(anonymous_0)
FNDA:0,(anonymous_1)
DA:1,2
DA:3,2
DA:4,2
DA:5,2
DA:6,0
DA:8,2
LF:6
LH:5
BRDA:3,0,0,2
BRDA:3,0,1,2
BRF:2
BRH:2
end_of_record
TN:
SF:/home/tyler/hackreactor/hrr36-fec-tyler-widget/examples/reviews.js
FNF:0
FNH:0
DA:1,5
LF:1
LH:1
BRF:0
BRH:0
end_of_record
TN:
SF:/home/tyler/hackreactor/hrr36-fec-tyler-widget/examples/scores.js
FNF:0
FNH:0
DA:1,1
LF:1
LH:1
BRF:0
BRH:0
end_of_record
TN:
SF:/home/tyler/hackreactor/hrr36-fec-tyler-widget/server/app.js
FN:13,(anonymous_0)
FN:15,(anonymous_1)
FNF:2
FNH:2
FNDA:1,(anonymous_0)
FNDA:1,(anonymous_1)
DA:1,1
DA:2,1
DA:3,1
DA:5,1
DA:7,1
DA:9,1
DA:10,1
DA:11,1
DA:13,1
DA:14,1
DA:15,1
DA:18,1
LF:12
LH:12
BRF:0
BRH:0
end_of_record
