TN:
SF:/home/tyler/hackreactor/hrr36-fec-tyler-widget/client/src/components/ReviewList.jsx
FN:5,(anonymous_0)
FN:6,(anonymous_1)
FNF:2
FNH:2
FNDA:2,(anonymous_0)
FNDA:8,(anonymous_1)
DA:5,1
DA:6,8
DA:8,2
DA:27,1
LF:4
LH:4
BRF:0
BRH:0
end_of_record
TN:
SF:/home/tyler/hackreactor/hrr36-fec-tyler-widget/client/src/components/ReviewListItem.jsx
FN:4,(anonymous_0)
FNF:1
FNH:1
FNDA:6,(anonymous_0)
DA:4,2
DA:5,6
DA:6,6
DA:8,6
DA:10,6
DA:40,2
LF:6
LH:6
BRDA:8,0,0,4
BRDA:8,0,1,2
BRDA:8,1,0,1
BRDA:8,1,1,1
BRF:4
BRH:4
end_of_record
TN:
SF:/home/tyler/hackreactor/hrr36-fec-tyler-widget/examples/reviews.js
FNF:0
FNH:0
DA:1,2
LF:1
LH:1
BRF:0
BRH:0
end_of_record
